android/build/intermediates/manifest_merge_blame_file/release/manifest-merger-blame-release-report.txt
1<?xml version="1.0" encoding="utf-8"?>
2<manifest xmlns:android="http://schemas.android.com/apk/res/android"
3    package="com.orczuk.greedygobo"
4    android:versionCode="2"
5    android:versionName="1.0" >
6
7    <uses-sdk
8        android:minSdkVersion="14"
8-->GreedyGobo/android/AndroidManifest.xml
9        android:targetSdkVersion="29" />
9-->GreedyGobo/android/AndroidManifest.xml
10
11    <uses-permission android:name="android.permission.VIBRATE" />
11-->GreedyGobo/android/AndroidManifest.xml:5:5-66
11-->GreedyGobo/android/AndroidManifest.xml:5:22-63
12
13    <application
13-->GreedyGobo/android/AndroidManifest.xml:6:5-23:19
14        android:allowBackup="true"
14-->GreedyGobo/android/AndroidManifest.xml:7:9-35
15        android:appCategory="game"
15-->GreedyGobo/android/AndroidManifest.xml:10:9-35
16        android:appComponentFactory="androidx.core.app.CoreComponentFactory"
16-->[androidx.core:core:1.0.0] AndroidManifest.xml:22:18-86
17        android:icon="@mipmap/logo"
17-->GreedyGobo/android/AndroidManifest.xml:8:9-36
18        android:isGame="true"
18-->GreedyGobo/android/AndroidManifest.xml:9:9-30
19        android:label="@string/app_name"
19-->GreedyGobo/android/AndroidManifest.xml:11:9-41
20        android:theme="@style/GdxTheme" >
20-->GreedyGobo/android/AndroidManifest.xml:12:9-40
21        <activity
21-->GreedyGobo/android/AndroidManifest.xml:13:9-22:20
22            android:name="com.orczuk.greedygobo.AndroidLauncher"
22-->GreedyGobo/android/AndroidManifest.xml:14:13-65
23            android:configChanges="keyboard|keyboardHidden|navigation|orientation|screenSize|screenLayout"
23-->GreedyGobo/android/AndroidManifest.xml:17:13-107
24            android:label="@string/app_name"
24-->GreedyGobo/android/AndroidManifest.xml:15:13-45
25            android:screenOrientation="landscape" >
25-->GreedyGobo/android/AndroidManifest.xml:16:13-50
26            <intent-filter>
26-->GreedyGobo/android/AndroidManifest.xml:18:13-21:29
27                <action android:name="android.intent.action.MAIN" />
27-->GreedyGobo/android/AndroidManifest.xml:19:17-69
27-->GreedyGobo/android/AndroidManifest.xml:19:25-66
28
29                <category android:name="android.intent.category.LAUNCHER" />
29-->GreedyGobo/android/AndroidManifest.xml:20:17-77
29-->GreedyGobo/android/AndroidManifest.xml:20:27-74
30            </intent-filter>
31        </activity>
32
33        <service
33-->[androidx.room:room-runtime:2.2.5] AndroidManifest.xml:25:9-28:40
34            android:name="androidx.room.MultiInstanceInvalidationService"
34-->[androidx.room:room-runtime:2.2.5] AndroidManifest.xml:26:13-74
35            android:directBootAware="true"
35-->[androidx.room:room-runtime:2.2.5] AndroidManifest.xml:27:13-43
36            android:exported="false" />
36-->[androidx.room:room-runtime:2.2.5] AndroidManifest.xml:28:13-37
37    </application>
38
39</manifest>